{
  "stats": {
    "suites": 1,
    "tests": 4,
    "passes": 4,
    "pending": 0,
    "failures": 0,
    "start": "2022-06-01T15:24:39.644Z",
    "end": "2022-06-01T15:24:48.772Z",
    "duration": 9128,
    "testsRegistered": 4,
    "passPercent": 100,
    "pendingPercent": 0,
    "other": 0,
    "hasOther": false,
    "skipped": 0,
    "hasSkipped": false
  },
  "results": [
    {
      "uuid": "cc4023da-f59d-41e3-94fa-b880d29247ec",
      "title": "",
      "fullFile": "cypress/integration/pom/homeSauceFixture.spec.js",
      "file": "cypress/integration/pom/homeSauceFixture.spec.js",
      "beforeHooks": [],
      "afterHooks": [],
      "tests": [],
      "suites": [
        {
          "uuid": "090f929d-eed0-459a-b06c-9083beee3d65",
          "title": "Home Sauce Demo",
          "fullFile": "",
          "file": "",
          "beforeHooks": [],
          "afterHooks": [],
          "tests": [
            {
              "title": "should login to inventory page",
              "fullTitle": "Home Sauce Demo should login to inventory page",
              "timedOut": null,
              "duration": 1492,
              "state": "passed",
              "speed": "fast",
              "pass": true,
              "fail": false,
              "pending": false,
              "context": null,
              "code": "_homeSaucePage.default.typeUsername(test.username);\n_homeSaucePage.default.typePassword(test.password);\n_homeSaucePage.default.clickLogin();\nif (test.name === 'should login to inventory page') {\n  _inventoryPage.default.elements.titleSpan().should('have.text', test.expected);\n} else {\n  _homeSaucePage.default.elements.errorMessage().should('have.text', test.expected);\n}",
              "err": {},
              "uuid": "7314537e-ae4b-4b2d-8e5f-ef9224284df6",
              "parentUUID": "090f929d-eed0-459a-b06c-9083beee3d65",
              "isHook": false,
              "skipped": false
            },
            {
              "title": "should display incorrect username message",
              "fullTitle": "Home Sauce Demo should display incorrect username message",
              "timedOut": null,
              "duration": 1491,
              "state": "passed",
              "speed": "fast",
              "pass": true,
              "fail": false,
              "pending": false,
              "context": null,
              "code": "_homeSaucePage.default.typeUsername(test.username);\n_homeSaucePage.default.typePassword(test.password);\n_homeSaucePage.default.clickLogin();\nif (test.name === 'should login to inventory page') {\n  _inventoryPage.default.elements.titleSpan().should('have.text', test.expected);\n} else {\n  _homeSaucePage.default.elements.errorMessage().should('have.text', test.expected);\n}",
              "err": {},
              "uuid": "1000421b-813a-4f6d-ab6b-bd075d34f31a",
              "parentUUID": "090f929d-eed0-459a-b06c-9083beee3d65",
              "isHook": false,
              "skipped": false
            },
            {
              "title": "should display incorrect password message",
              "fullTitle": "Home Sauce Demo should display incorrect password message",
              "timedOut": null,
              "duration": 1359,
              "state": "passed",
              "speed": "fast",
              "pass": true,
              "fail": false,
              "pending": false,
              "context": null,
              "code": "_homeSaucePage.default.typeUsername(test.username);\n_homeSaucePage.default.typePassword(test.password);\n_homeSaucePage.default.clickLogin();\nif (test.name === 'should login to inventory page') {\n  _inventoryPage.default.elements.titleSpan().should('have.text', test.expected);\n} else {\n  _homeSaucePage.default.elements.errorMessage().should('have.text', test.expected);\n}",
              "err": {},
              "uuid": "381db928-5181-4138-9183-a9967cfe3fe4",
              "parentUUID": "090f929d-eed0-459a-b06c-9083beee3d65",
              "isHook": false,
              "skipped": false
            },
            {
              "title": "should display locked out message",
              "fullTitle": "Home Sauce Demo should display locked out message",
              "timedOut": null,
              "duration": 1105,
              "state": "passed",
              "speed": "fast",
              "pass": true,
              "fail": false,
              "pending": false,
              "context": null,
              "code": "_homeSaucePage.default.typeUsername(test.username);\n_homeSaucePage.default.typePassword(test.password);\n_homeSaucePage.default.clickLogin();\nif (test.name === 'should login to inventory page') {\n  _inventoryPage.default.elements.titleSpan().should('have.text', test.expected);\n} else {\n  _homeSaucePage.default.elements.errorMessage().should('have.text', test.expected);\n}",
              "err": {},
              "uuid": "5a774f14-0cdb-4c87-84ff-0edb120dd187",
              "parentUUID": "090f929d-eed0-459a-b06c-9083beee3d65",
              "isHook": false,
              "skipped": false
            }
          ],
          "suites": [],
          "passes": [
            "7314537e-ae4b-4b2d-8e5f-ef9224284df6",
            "1000421b-813a-4f6d-ab6b-bd075d34f31a",
            "381db928-5181-4138-9183-a9967cfe3fe4",
            "5a774f14-0cdb-4c87-84ff-0edb120dd187"
          ],
          "failures": [],
          "pending": [],
          "skipped": [],
          "duration": 5447,
          "root": false,
          "rootEmpty": false,
          "_timeout": 2000
        }
      ],
      "passes": [],
      "failures": [],
      "pending": [],
      "skipped": [],
      "duration": 0,
      "root": true,
      "rootEmpty": true,
      "_timeout": 2000
    }
  ],
  "meta": {
    "mocha": {
      "version": "7.0.1"
    },
    "mochawesome": {
      "options": {
        "quiet": false,
        "reportFilename": "mochawesome",
        "saveHtml": false,
        "saveJson": true,
        "consoleReporter": "spec",
        "useInlineDiffs": false,
        "code": true
      },
      "version": "7.1.3"
    },
    "marge": {
      "options": {
        "reportDir": "cypress\\report\\.jsons",
        "charts": true,
        "reportPageTitle": "Joan Media Demo Report",
        "embeddedScreenshots": true,
        "overwrite": false,
        "html": false,
        "json": true
      },
      "version": "6.2.0"
    }
  }
}