{
  "stats": {
    "suites": 1,
    "tests": 4,
    "passes": 4,
    "pending": 0,
    "failures": 0,
    "start": "2022-06-01T15:24:57.185Z",
    "end": "2022-06-01T15:25:05.428Z",
    "duration": 8243,
    "testsRegistered": 4,
    "passPercent": 100,
    "pendingPercent": 0,
    "other": 0,
    "hasOther": false,
    "skipped": 0,
    "hasSkipped": false
  },
  "results": [
    {
      "uuid": "07330f3e-8c70-4849-8e63-aea3c20f2a2a",
      "title": "",
      "fullFile": "cypress/integration/pom/homeSauceFixtureXpath.spec.js",
      "file": "cypress/integration/pom/homeSauceFixtureXpath.spec.js",
      "beforeHooks": [],
      "afterHooks": [],
      "tests": [],
      "suites": [
        {
          "uuid": "d41012cf-8303-452a-a324-0fb2c8b92d30",
          "title": "Home Sauce Demo",
          "fullFile": "",
          "file": "",
          "beforeHooks": [],
          "afterHooks": [],
          "tests": [
            {
              "title": "should login to inventory page",
              "fullTitle": "Home Sauce Demo should login to inventory page",
              "timedOut": null,
              "duration": 1336,
              "state": "passed",
              "speed": "fast",
              "pass": true,
              "fail": false,
              "pending": false,
              "context": null,
              "code": "homeSaucePage.typeUsername(test.username);\nhomeSaucePage.typePassword(test.password);\nhomeSaucePage.clickLogin();\nif (test.name === 'should login to inventory page') {\n  _inventoryPage.default.elements.titleSpan().should('have.text', test.expected);\n} else {\n  homeSaucePage.elements.errorMessage().should('have.text', test.expected);\n}",
              "err": {},
              "uuid": "34ff6d1d-1a4a-455a-a957-71c626172156",
              "parentUUID": "d41012cf-8303-452a-a324-0fb2c8b92d30",
              "isHook": false,
              "skipped": false
            },
            {
              "title": "should display incorrect username message",
              "fullTitle": "Home Sauce Demo should display incorrect username message",
              "timedOut": null,
              "duration": 1168,
              "state": "passed",
              "speed": "fast",
              "pass": true,
              "fail": false,
              "pending": false,
              "context": null,
              "code": "homeSaucePage.typeUsername(test.username);\nhomeSaucePage.typePassword(test.password);\nhomeSaucePage.clickLogin();\nif (test.name === 'should login to inventory page') {\n  _inventoryPage.default.elements.titleSpan().should('have.text', test.expected);\n} else {\n  homeSaucePage.elements.errorMessage().should('have.text', test.expected);\n}",
              "err": {},
              "uuid": "681ef904-1790-46c6-9f9b-1628d2f83283",
              "parentUUID": "d41012cf-8303-452a-a324-0fb2c8b92d30",
              "isHook": false,
              "skipped": false
            },
            {
              "title": "should display incorrect password message",
              "fullTitle": "Home Sauce Demo should display incorrect password message",
              "timedOut": null,
              "duration": 1230,
              "state": "passed",
              "speed": "fast",
              "pass": true,
              "fail": false,
              "pending": false,
              "context": null,
              "code": "homeSaucePage.typeUsername(test.username);\nhomeSaucePage.typePassword(test.password);\nhomeSaucePage.clickLogin();\nif (test.name === 'should login to inventory page') {\n  _inventoryPage.default.elements.titleSpan().should('have.text', test.expected);\n} else {\n  homeSaucePage.elements.errorMessage().should('have.text', test.expected);\n}",
              "err": {},
              "uuid": "c72fcfbd-a0a0-461c-af2a-ca3a53824ad1",
              "parentUUID": "d41012cf-8303-452a-a324-0fb2c8b92d30",
              "isHook": false,
              "skipped": false
            },
            {
              "title": "should display locked out message",
              "fullTitle": "Home Sauce Demo should display locked out message",
              "timedOut": null,
              "duration": 1101,
              "state": "passed",
              "speed": "fast",
              "pass": true,
              "fail": false,
              "pending": false,
              "context": null,
              "code": "homeSaucePage.typeUsername(test.username);\nhomeSaucePage.typePassword(test.password);\nhomeSaucePage.clickLogin();\nif (test.name === 'should login to inventory page') {\n  _inventoryPage.default.elements.titleSpan().should('have.text', test.expected);\n} else {\n  homeSaucePage.elements.errorMessage().should('have.text', test.expected);\n}",
              "err": {},
              "uuid": "c6904710-0a2c-46e0-948a-6c4158e9fecc",
              "parentUUID": "d41012cf-8303-452a-a324-0fb2c8b92d30",
              "isHook": false,
              "skipped": false
            }
          ],
          "suites": [],
          "passes": [
            "34ff6d1d-1a4a-455a-a957-71c626172156",
            "681ef904-1790-46c6-9f9b-1628d2f83283",
            "c72fcfbd-a0a0-461c-af2a-ca3a53824ad1",
            "c6904710-0a2c-46e0-948a-6c4158e9fecc"
          ],
          "failures": [],
          "pending": [],
          "skipped": [],
          "duration": 4835,
          "root": false,
          "rootEmpty": false,
          "_timeout": 2000
        }
      ],
      "passes": [],
      "failures": [],
      "pending": [],
      "skipped": [],
      "duration": 0,
      "root": true,
      "rootEmpty": true,
      "_timeout": 2000
    }
  ],
  "meta": {
    "mocha": {
      "version": "7.0.1"
    },
    "mochawesome": {
      "options": {
        "quiet": false,
        "reportFilename": "mochawesome",
        "saveHtml": false,
        "saveJson": true,
        "consoleReporter": "spec",
        "useInlineDiffs": false,
        "code": true
      },
      "version": "7.1.3"
    },
    "marge": {
      "options": {
        "reportDir": "cypress\\report\\.jsons",
        "charts": true,
        "reportPageTitle": "Joan Media Demo Report",
        "embeddedScreenshots": true,
        "overwrite": false,
        "html": false,
        "json": true
      },
      "version": "6.2.0"
    }
  }
}