{
  "stats": {
    "suites": 1,
    "tests": 4,
    "passes": 3,
    "pending": 0,
    "failures": 1,
    "start": "2022-06-01T15:24:17.988Z",
    "end": "2022-06-01T15:24:30.559Z",
    "duration": 12571,
    "testsRegistered": 4,
    "passPercent": 75,
    "pendingPercent": 0,
    "other": 0,
    "hasOther": false,
    "skipped": 0,
    "hasSkipped": false
  },
  "results": [
    {
      "uuid": "5d5c3615-82f9-44cf-8d58-2ad1bd5e75d7",
      "title": "",
      "fullFile": "cypress/integration/pom/homeSauce.spec.js",
      "file": "cypress/integration/pom/homeSauce.spec.js",
      "beforeHooks": [],
      "afterHooks": [],
      "tests": [],
      "suites": [
        {
          "uuid": "09e6491e-3464-4d08-82d6-6d2620c5c146",
          "title": "POM Implementation",
          "fullFile": "",
          "file": "",
          "beforeHooks": [],
          "afterHooks": [],
          "tests": [
            {
              "title": "should login to inventory page",
              "fullTitle": "POM Implementation should login to inventory page",
              "timedOut": null,
              "duration": 6205,
              "state": "failed",
              "speed": null,
              "pass": false,
              "fail": true,
              "pending": false,
              "context": "{\n  \"title\": \"cypress-mochawesome-reporter-screenshots\",\n  \"value\": [\n    [\n      {\n        \"title\": \"Failed screenshot\",\n        \"value\": \"\\\\pom\\\\homeSauce.spec.js\\\\POM Implementation -- should login to inventory page (failed).png\"\n      }\n    ]\n  ]\n}",
              "code": "_homeSaucePage.default.typeUsername('standard_user');\n_homeSaucePage.default.typePassword('secret_sauce');\n_homeSaucePage.default.clickLogin();\n_inventoryPage.default.elements.titleSpan().should('have.text', 'Productss');",
              "err": {
                "message": "AssertionError: Timed out retrying after 4000ms: expected '<span.title>' to have text 'Productss', but the text was 'Products'",
                "estack": "AssertionError: Timed out retrying after 4000ms: expected '<span.title>' to have text 'Productss', but the text was 'Products'\n    at Context.eval (https://www.saucedemo.com/__cypress/tests?p=cypress\\integration\\pom\\homeSauce.spec.js:161:49)",
                "diff": "- 'Products'\n+ 'Productss'\n"
              },
              "uuid": "c57e47f7-ebb9-4892-97cd-3d73948bb40e",
              "parentUUID": "09e6491e-3464-4d08-82d6-6d2620c5c146",
              "isHook": false,
              "skipped": false
            },
            {
              "title": "should display locked out message",
              "fullTitle": "POM Implementation should display locked out message",
              "timedOut": null,
              "duration": 1217,
              "state": "passed",
              "speed": "fast",
              "pass": true,
              "fail": false,
              "pending": false,
              "context": null,
              "code": "_homeSaucePage.default.typeUsername('locked_out_user');\n_homeSaucePage.default.typePassword('secret_sauce');\n_homeSaucePage.default.clickLogin();\n_homeSaucePage.default.elements.errorMessage().should('have.text', 'Epic sadface: Sorry, this user has been locked out.');",
              "err": {},
              "uuid": "996bf561-bb55-45f2-a679-167f3abac9f1",
              "parentUUID": "09e6491e-3464-4d08-82d6-6d2620c5c146",
              "isHook": false,
              "skipped": false
            },
            {
              "title": "should display incorrect username message",
              "fullTitle": "POM Implementation should display incorrect username message",
              "timedOut": null,
              "duration": 1144,
              "state": "passed",
              "speed": "fast",
              "pass": true,
              "fail": false,
              "pending": false,
              "context": null,
              "code": "_homeSaucePage.default.typeUsername('dummyUsername');\n_homeSaucePage.default.typePassword('secret_sauce');\n_homeSaucePage.default.clickLogin();\n_homeSaucePage.default.elements.errorMessage().should('have.text', 'Epic sadface: Username and password do not match any user in this service');",
              "err": {},
              "uuid": "5cf808f6-e6a0-4aaa-9948-cf9fcfd21485",
              "parentUUID": "09e6491e-3464-4d08-82d6-6d2620c5c146",
              "isHook": false,
              "skipped": false
            },
            {
              "title": "should display incorrect password message",
              "fullTitle": "POM Implementation should display incorrect password message",
              "timedOut": null,
              "duration": 1179,
              "state": "passed",
              "speed": "fast",
              "pass": true,
              "fail": false,
              "pending": false,
              "context": null,
              "code": "_homeSaucePage.default.typeUsername('locked_out_user');\n_homeSaucePage.default.typePassword('dummyPassword');\n_homeSaucePage.default.clickLogin();\n_homeSaucePage.default.elements.errorMessage().should('have.text', 'Epic sadface: Username and password do not match any user in this service');",
              "err": {},
              "uuid": "0cbd2d3d-1a08-409b-a098-a2e430b61294",
              "parentUUID": "09e6491e-3464-4d08-82d6-6d2620c5c146",
              "isHook": false,
              "skipped": false
            }
          ],
          "suites": [],
          "passes": [
            "996bf561-bb55-45f2-a679-167f3abac9f1",
            "5cf808f6-e6a0-4aaa-9948-cf9fcfd21485",
            "0cbd2d3d-1a08-409b-a098-a2e430b61294"
          ],
          "failures": [
            "c57e47f7-ebb9-4892-97cd-3d73948bb40e"
          ],
          "pending": [],
          "skipped": [],
          "duration": 9745,
          "root": false,
          "rootEmpty": false,
          "_timeout": 2000
        }
      ],
      "passes": [],
      "failures": [],
      "pending": [],
      "skipped": [],
      "duration": 0,
      "root": true,
      "rootEmpty": true,
      "_timeout": 2000
    }
  ],
  "meta": {
    "mocha": {
      "version": "7.0.1"
    },
    "mochawesome": {
      "options": {
        "quiet": false,
        "reportFilename": "mochawesome",
        "saveHtml": false,
        "saveJson": true,
        "consoleReporter": "spec",
        "useInlineDiffs": false,
        "code": true
      },
      "version": "7.1.3"
    },
    "marge": {
      "options": {
        "reportDir": "cypress\\report\\.jsons",
        "charts": true,
        "reportPageTitle": "Joan Media Demo Report",
        "embeddedScreenshots": true,
        "overwrite": false,
        "html": false,
        "json": true
      },
      "version": "6.2.0"
    }
  }
}